<?xml version="1.0" encoding="UTF-8"?>
<testsuite xmlns:xsi="http://www.w3.org/2001/XMLSchema-instance" xsi:noNamespaceSchemaLocation="https://maven.apache.org/surefire/maven-surefire-plugin/xsd/surefire-test-report-3.0.xsd" version="3.0" name="com.batistell.faceregistry.UserControllerTest" time="3.397" tests="11" errors="0" skipped="0" failures="0">
  <properties>
[...]
</properties>
  <testcase name="testVerifyFaceSuccess" classname="com.batistell.faceregistry.UserControllerTest" time="0.907">
    <system-out><![CDATA[2026-06-22T19:59:45.917Z  INFO 83 --- [           main] t.c.s.AnnotationConfigContextLoaderUtils : Could not detect default configuration classes for test class [com.batistell.faceregistry.UserControllerTest]: UserControllerTest does not declare any static, non-private, non-final, nested classes annotated with @Configuration.
2026-06-22T19:59:45.937Z  INFO 83 --- [           main] .b.t.c.SpringBootTestContextBootstrapper : Found @SpringBootConfiguration com.batistell.faceregistry.FaceRegistryApplication for test class com.batistell.faceregistry.UserControllerTest

  .   ____          _            __ _ _
 /\\ / ___'_ __ _ _(_)_ __  __ _ \ \ \ \
( ( )\___ | '_ | '_| | '_ \/ _` | \ \ \ \
 \\/  ___)| |_)| | | | | || (_| |  ) ) ) )
  '  |____| .__|_| |_|_| |_\__, | / / / /
 =========|_|==============|___/=/_/_/_/
 :: Spring Boot ::                (v3.2.4)

2026-06-22T19:59:46.058Z  INFO 83 --- [           main] c.b.faceregistry.UserControllerTest      : Starting UserControllerTest using Java 21.0.3 with PID 83 (started by root in /app)
2026-06-22T19:59:46.058Z  INFO 83 --- [           main] c.b.faceregistry.UserControllerTest      : The following 1 profile is active: "local"
2026-06-22T19:59:47.177Z  INFO 83 --- [           main] .s.d.r.c.RepositoryConfigurationDelegate : Bootstrapping Spring Data JPA repositories in DEFAULT mode.
2026-06-22T19:59:47.324Z  INFO 83 --- [           main] .s.d.r.c.RepositoryConfigurationDelegate : Finished Spring Data repository scanning in 146 ms. Found 1 JPA repository interface.
2026-06-22T19:59:47.490Z  INFO 83 --- [           main] o.hibernate.jpa.internal.util.LogHelper  : HHH000204: Processing PersistenceUnitInfo [name: default]
2026-06-22T19:59:47.534Z  INFO 83 --- [           main] o.h.c.internal.RegionFactoryInitiator    : HHH000026: Second-level cache disabled
2026-06-22T19:59:47.590Z  INFO 83 --- [           main] o.s.o.j.p.SpringPersistenceUnitInfo      : No LoadTimeWeaver setup: ignoring JPA class transformer
2026-06-22T19:59:47.599Z  INFO 83 --- [           main] com.zaxxer.hikari.HikariDataSource       : HikariPool-3 - Starting...
2026-06-22T19:59:47.601Z  INFO 83 --- [           main] com.zaxxer.hikari.pool.HikariPool        : HikariPool-3 - Added connection conn20: url=jdbc:h2:mem:faceregistry user=SA
2026-06-22T19:59:47.601Z  INFO 83 --- [           main] com.zaxxer.hikari.HikariDataSource       : HikariPool-3 - Start completed.
2026-06-22T19:59:47.602Z  WARN 83 --- [           main] org.hibernate.orm.deprecation            : HHH90000025: H2Dialect does not need to be specified explicitly using 'hibernate.dialect' (remove the property setting and it will be selected by default)
2026-06-22T19:59:47.753Z  INFO 83 --- [           main] o.h.e.t.j.p.i.JtaPlatformInitiator       : HHH000489: No JTA platform available (set 'hibernate.transaction.jta.platform' to enable JTA platform integration)
Hibernate: 
    alter table if exists users 
       drop constraint if exists idx_users_cpf
Hibernate: 
    alter table if exists users 
       add constraint idx_users_cpf unique (cpf)
2026-06-22T19:59:47.756Z  INFO 83 --- [           main] j.LocalContainerEntityManagerFactoryBean : Initialized JPA EntityManagerFactory for persistence unit 'default'
2026-06-22T19:59:47.800Z  INFO 83 --- [           main] c.b.f.service.FaceBiometricsService      : Motor biométrico inicializado no modo simulado (Mock Mode) via configuração.
2026-06-22T19:59:47.870Z  WARN 83 --- [           main] JpaBaseConfiguration$JpaWebConfiguration : spring.jpa.open-in-view is enabled by default. Therefore, database queries may be performed during view rendering. Explicitly configure spring.jpa.open-in-view to disable this warning
2026-06-22T19:59:48.062Z  INFO 83 --- [           main] o.s.b.a.h2.H2ConsoleAutoConfiguration    : H2 console available at '/h2-console'. Database available at 'jdbc:h2:mem:faceregistry'
2026-06-22T19:59:48.118Z  INFO 83 --- [           main] o.s.b.t.m.w.SpringBootMockServletContext : Initializing Spring TestDispatcherServlet ''
2026-06-22T19:59:48.119Z  INFO 83 --- [           main] o.s.t.web.servlet.TestDispatcherServlet  : Initializing Servlet ''
2026-06-22T19:59:48.120Z  INFO 83 --- [           main] o.s.t.web.servlet.TestDispatcherServlet  : Completed initialization in 1 ms
2026-06-22T19:59:48.133Z  INFO 83 --- [           main] c.b.faceregistry.UserControllerTest      : Started UserControllerTest in 2.185 seconds (process running for 68.512)
Hibernate: 
    select
        u1_0.id,
        u1_0.cpf,
        u1_0.created_at,
        u1_0.embedding,
        u1_0.name,
        u1_0.photo 
    from
        users u1_0
Hibernate: 
    delete 
    from
        users 
    where
        id=?
2026-06-22T19:59:48.405Z  INFO 83 --- [           main] c.b.f.controller.UserController          : Recebida requisição para cadastrar usuário. CPF: 33333333333, Nome: Charlie
Hibernate: 
    select
        u1_0.id 
    from
        users u1_0 
    where
        u1_0.cpf=? 
    fetch
        first ? rows only
Hibernate: 
    insert 
    into
        users
        (cpf, created_at, embedding, name, photo, id) 
    values
        (?, ?, ?, ?, ?, ?)
2026-06-22T19:59:48.738Z  INFO 83 --- [           main] c.b.f.controller.UserController          : Recebida verificação facial (1:1) para o CPF: 33333333333
Hibernate: 
    select
        u1_0.id,
        u1_0.cpf,
        u1_0.created_at,
        u1_0.embedding,
        u1_0.name,
        u1_0.photo 
    from
        users u1_0 
    where
        u1_0.cpf=?
]]></system-out>
  </testcase>
  <testcase name="testGetUserByCpfSuccess" classname="com.batistell.faceregistry.UserControllerTest" time="0.019">
    <system-out><![CDATA[Hibernate: 
    select
        u1_0.id,
        u1_0.cpf,
        u1_0.created_at,
        u1_0.embedding,
        u1_0.name,
        u1_0.photo 
    from
        users u1_0
Hibernate: 
    delete 
    from
        users 
    where
        id=?
2026-06-22T19:59:49.052Z  INFO 83 --- [           main] c.b.f.controller.UserController          : Recebida requisição para cadastrar usuário. CPF: 98765432100, Nome: John Doe
Hibernate: 
    select
        u1_0.id 
    from
        users u1_0 
    where
        u1_0.cpf=? 
    fetch
        first ? rows only
Hibernate: 
    insert 
    into
        users
        (cpf, created_at, embedding, name, photo, id) 
    values
        (?, ?, ?, ?, ?, ?)
2026-06-22T19:59:49.060Z  INFO 83 --- [           main] c.b.f.controller.UserController          : Recebida busca por CPF: 98765432100
Hibernate: 
    select
        u1_0.id,
        u1_0.cpf,
        u1_0.created_at,
        u1_0.embedding,
        u1_0.name,
        u1_0.photo 
    from
        users u1_0 
    where
        u1_0.cpf=?
]]></system-out>
  </testcase>
  <testcase name="testGetUserByCpfNotFound" classname="com.batistell.faceregistry.UserControllerTest" time="0.043">
    <system-out><![CDATA[Hibernate: 
    select
        u1_0.id,
        u1_0.cpf,
        u1_0.created_at,
        u1_0.embedding,
        u1_0.name,
        u1_0.photo 
    from
        users u1_0
Hibernate: 
    delete 
    from
        users 
    where
        id=?
2026-06-22T19:59:49.073Z  INFO 83 --- [           main] c.b.f.controller.UserController          : Recebida busca por CPF: 00000000000
Hibernate: 
    select
        u1_0.id,
        u1_0.cpf,
        u1_0.created_at,
        u1_0.embedding,
        u1_0.name,
        u1_0.photo 
    from
        users u1_0 
    where
        u1_0.cpf=?
]]></system-out>
  </testcase>
  <testcase name="testCreateUserMultipleFacesFailure" classname="com.batistell.faceregistry.UserControllerTest" time="0.011">
    <system-out><![CDATA[Hibernate: 
    select
        u1_0.id,
        u1_0.cpf,
        u1_0.created_at,
        u1_0.embedding,
        u1_0.name,
        u1_0.photo 
    from
        users u1_0
2026-06-22T19:59:49.115Z  INFO 83 --- [           main] c.b.f.controller.UserController          : Recebida requisição para cadastrar usuário. CPF: 77766655544, Nome: Group Person
Hibernate: 
    select
        u1_0.id 
    from
        users u1_0 
    where
        u1_0.cpf=? 
    fetch
        first ? rows only
]]></system-out>
  </testcase>
  <testcase name="testUpdateUserSuccess" classname="com.batistell.faceregistry.UserControllerTest" time="0.024">
    <system-out><![CDATA[Hibernate: 
    select
        u1_0.id,
        u1_0.cpf,
        u1_0.created_at,
        u1_0.embedding,
        u1_0.name,
        u1_0.photo 
    from
        users u1_0
2026-06-22T19:59:49.128Z  INFO 83 --- [           main] c.b.f.controller.UserController          : Recebida requisição para cadastrar usuário. CPF: 55555555555, Nome: Initial Name
Hibernate: 
    select
        u1_0.id 
    from
        users u1_0 
    where
        u1_0.cpf=? 
    fetch
        first ? rows only
Hibernate: 
    insert 
    into
        users
        (cpf, created_at, embedding, name, photo, id) 
    values
        (?, ?, ?, ?, ?, ?)
2026-06-22T19:59:49.138Z  INFO 83 --- [           main] c.b.f.controller.UserController          : Recebida requisição para atualizar usuário CPF: 55555555555
Hibernate: 
    select
        u1_0.id,
        u1_0.cpf,
        u1_0.created_at,
        u1_0.embedding,
        u1_0.name,
        u1_0.photo 
    from
        users u1_0 
    where
        u1_0.cpf=? for update
Hibernate: 
    update
        users 
    set
        cpf=?,
        created_at=?,
        embedding=?,
        name=?,
        photo=? 
    where
        id=?
]]></system-out>
  </testcase>
  <testcase name="testCreateUserNoFaceFailure" classname="com.batistell.faceregistry.UserControllerTest" time="0.013">
    <system-out><![CDATA[Hibernate: 
    select
        u1_0.id,
        u1_0.cpf,
        u1_0.created_at,
        u1_0.embedding,
        u1_0.name,
        u1_0.photo 
    from
        users u1_0
Hibernate: 
    delete 
    from
        users 
    where
        id=?
2026-06-22T19:59:49.154Z  INFO 83 --- [           main] c.b.f.controller.UserController          : Recebida requisição para cadastrar usuário. CPF: 99988877766, Nome: No Face Person
Hibernate: 
    select
        u1_0.id 
    from
        users u1_0 
    where
        u1_0.cpf=? 
    fetch
        first ? rows only
]]></system-out>
  </testcase>
  <testcase name="testDeleteUserSuccess" classname="com.batistell.faceregistry.UserControllerTest" time="0.027">
    <system-out><![CDATA[Hibernate: 
    select
        u1_0.id,
        u1_0.cpf,
        u1_0.created_at,
        u1_0.embedding,
        u1_0.name,
        u1_0.photo 
    from
        users u1_0
2026-06-22T19:59:49.166Z  INFO 83 --- [           main] c.b.f.controller.UserController          : Recebida requisição para cadastrar usuário. CPF: 44444444444, Nome: Delete Me
Hibernate: 
    select
        u1_0.id 
    from
        users u1_0 
    where
        u1_0.cpf=? 
    fetch
        first ? rows only
Hibernate: 
    insert 
    into
        users
        (cpf, created_at, embedding, name, photo, id) 
    values
        (?, ?, ?, ?, ?, ?)
2026-06-22T19:59:49.174Z  INFO 83 --- [           main] c.b.f.controller.UserController          : Recebida requisição para excluir usuário CPF: 44444444444
Hibernate: 
    select
        u1_0.id,
        u1_0.cpf,
        u1_0.created_at,
        u1_0.embedding,
        u1_0.name,
        u1_0.photo 
    from
        users u1_0 
    where
        u1_0.cpf=?
Hibernate: 
    delete 
    from
        users 
    where
        id=?
2026-06-22T19:59:49.180Z  INFO 83 --- [           main] c.b.f.controller.UserController          : Recebida busca por CPF: 44444444444
Hibernate: 
    select
        u1_0.id,
        u1_0.cpf,
        u1_0.created_at,
        u1_0.embedding,
        u1_0.name,
        u1_0.photo 
    from
        users u1_0 
    where
        u1_0.cpf=?
]]></system-out>
  </testcase>
  <testcase name="testIdentifyFaceSuccess" classname="com.batistell.faceregistry.UserControllerTest" time="0.022">
    <system-out><![CDATA[Hibernate: 
    select
        u1_0.id,
        u1_0.cpf,
        u1_0.created_at,
        u1_0.embedding,
        u1_0.name,
        u1_0.photo 
    from
        users u1_0
2026-06-22T19:59:49.193Z  INFO 83 --- [           main] c.b.f.controller.UserController          : Recebida requisição para cadastrar usuário. CPF: 22222222222, Nome: John Identification
Hibernate: 
    select
        u1_0.id 
    from
        users u1_0 
    where
        u1_0.cpf=? 
    fetch
        first ? rows only
Hibernate: 
    insert 
    into
        users
        (cpf, created_at, embedding, name, photo, id) 
    values
        (?, ?, ?, ?, ?, ?)
2026-06-22T19:59:49.200Z  INFO 83 --- [           main] c.b.f.controller.UserController          : Recebida identificação facial (1:n) a partir de nova foto.
Hibernate: 
    select
        u1_0.id,
        u1_0.cpf,
        u1_0.created_at,
        u1_0.embedding,
        u1_0.name,
        u1_0.photo 
    from
        users u1_0
]]></system-out>
  </testcase>
  <testcase name="testBatchUploadSuccess" classname="com.batistell.faceregistry.UserControllerTest" time="0.043">
    <system-out><![CDATA[Hibernate: 
    select
        u1_0.id,
        u1_0.cpf,
        u1_0.created_at,
        u1_0.embedding,
        u1_0.name,
        u1_0.photo 
    from
        users u1_0
Hibernate: 
    delete 
    from
        users 
    where
        id=?
2026-06-22T19:59:49.219Z  INFO 83 --- [           main] c.b.f.controller.UserController          : Recebido lote para processamento concorrente. Quantidade: 2
2026-06-22T19:59:49.219Z  INFO 83 --- [           main] c.b.faceregistry.service.UserService     : Iniciando processamento em lote para 2 usuários...
2026-06-22T19:59:49.225Z  INFO 83 --- [               ] c.b.faceregistry.service.UserService     : [Thread: ] Processando biometria do CPF 88888888801
2026-06-22T19:59:49.225Z  INFO 83 --- [               ] c.b.faceregistry.service.UserService     : [Thread: ] Processando biometria do CPF 88888888802
Hibernate: 
    select
        u1_0.id 
    from
        users u1_0 
    where
        u1_0.cpf=? 
    fetch
        first ? rows only
Hibernate: 
    select
        u1_0.id 
    from
        users u1_0 
    where
        u1_0.cpf=? 
    fetch
        first ? rows only
2026-06-22T19:59:49.234Z  INFO 83 --- [           main] c.b.faceregistry.service.UserService     : Lote de 2 cadastros persistido com sucesso.
Hibernate: 
    insert 
    into
        users
        (cpf, created_at, embedding, name, photo, id) 
    values
        (?, ?, ?, ?, ?, ?)
Hibernate: 
    insert 
    into
        users
        (cpf, created_at, embedding, name, photo, id) 
    values
        (?, ?, ?, ?, ?, ?)
]]></system-out>
  </testcase>
  <testcase name="testCreateUserSuccess" classname="com.batistell.faceregistry.UserControllerTest" time="0.022">
    <system-out><![CDATA[Hibernate: 
    select
        u1_0.id,
        u1_0.cpf,
        u1_0.created_at,
        u1_0.embedding,
        u1_0.name,
        u1_0.photo 
    from
        users u1_0
Hibernate: 
    delete 
    from
        users 
    where
        id=?
Hibernate: 
    delete 
    from
        users 
    where
        id=?
2026-06-22T19:59:49.264Z  INFO 83 --- [           main] c.b.f.controller.UserController          : Recebida requisição para cadastrar usuário. CPF: 12345678901, Nome: Alice Test
Hibernate: 
    select
        u1_0.id 
    from
        users u1_0 
    where
        u1_0.cpf=? 
    fetch
        first ? rows only
Hibernate: 
    insert 
    into
        users
        (cpf, created_at, embedding, name, photo, id) 
    values
        (?, ?, ?, ?, ?, ?)
]]></system-out>
  </testcase>
  <testcase name="testCreateUserDuplicateCpfFailure" classname="com.batistell.faceregistry.UserControllerTest" time="0.024">
    <system-out><![CDATA[Hibernate: 
    select
        u1_0.id,
        u1_0.cpf,
        u1_0.created_at,
        u1_0.embedding,
        u1_0.name,
        u1_0.photo 
    from
        users u1_0
Hibernate: 
    delete 
    from
        users 
    where
        id=?
2026-06-22T19:59:49.285Z  INFO 83 --- [           main] c.b.f.controller.UserController          : Recebida requisição para cadastrar usuário. CPF: 11122233344, Nome: Bob
Hibernate: 
    select
        u1_0.id 
    from
        users u1_0 
    where
        u1_0.cpf=? 
    fetch
        first ? rows only
Hibernate: 
    insert 
    into
        users
        (cpf, created_at, embedding, name, photo, id) 
    values
        (?, ?, ?, ?, ?, ?)
2026-06-22T19:59:49.292Z  INFO 83 --- [           main] c.b.f.controller.UserController          : Recebida requisição para cadastrar usuário. CPF: 11122233344, Nome: Duplicate Bob
Hibernate: 
    select
        u1_0.id 
    from
        users u1_0 
    where
        u1_0.cpf=? 
    fetch
        first ? rows only
]]></system-out>
  </testcase>
</testsuite>