<?xml version="1.0" encoding="UTF-8"?>
<testsuite xmlns:xsi="http://www.w3.org/2001/XMLSchema-instance" xsi:noNamespaceSchemaLocation="https://maven.apache.org/surefire/maven-surefire-plugin/xsd/surefire-test-report-3.0.xsd" version="3.0" name="com.batistell.faceregistry.BiometricsVerificationTest" time="73.887" tests="3" errors="0" skipped="0" failures="0">
  <properties>
[...]
</properties>
  <testcase name="testBiometricsMatchFamousPeople" classname="com.batistell.faceregistry.BiometricsVerificationTest" time="41.778">
    <system-out><![CDATA[13:39:06.728 [main] INFO org.springframework.test.context.support.AnnotationConfigContextLoaderUtils -- Could not detect default configuration classes for test class [com.batistell.faceregistry.BiometricsVerificationTest]: BiometricsVerificationTest does not declare any static, non-private, non-final, nested classes annotated with @Configuration.
13:39:06.808 [main] INFO org.springframework.boot.test.context.SpringBootTestContextBootstrapper -- Found @SpringBootConfiguration com.batistell.faceregistry.FaceRegistryApplication for test class com.batistell.faceregistry.BiometricsVerificationTest

  .   ____          _            __ _ _
 /\\ / ___'_ __ _ _(_)_ __  __ _ \ \ \ \
( ( )\___ | '_ | '_| | '_ \/ _` | \ \ \ \
 \\/  ___)| |_)| | | | | || (_| |  ) ) ) )
  '  |____| .__|_| |_|_| |_\__, | / / / /
 =========|_|==============|___/=/_/_/_/
 :: Spring Boot ::                (v3.2.4)

2026-06-23T13:39:07.200-03:00  INFO 21724 --- [           main] c.b.f.BiometricsVerificationTest         : Starting BiometricsVerificationTest using Java 21.0.10 with PID 21724 (started by gbbts in O:\JavaProjects\face-registry\backend)
2026-06-23T13:39:07.202-03:00  INFO 21724 --- [           main] c.b.f.BiometricsVerificationTest         : The following 1 profile is active: "local"
2026-06-23T13:39:08.045-03:00  INFO 21724 --- [           main] .s.d.r.c.RepositoryConfigurationDelegate : Bootstrapping Spring Data JPA repositories in DEFAULT mode.
2026-06-23T13:39:08.091-03:00  INFO 21724 --- [           main] .s.d.r.c.RepositoryConfigurationDelegate : Finished Spring Data repository scanning in 37 ms. Found 1 JPA repository interface.
2026-06-23T13:39:08.612-03:00  INFO 21724 --- [           main] o.hibernate.jpa.internal.util.LogHelper  : HHH000204: Processing PersistenceUnitInfo [name: default]
2026-06-23T13:39:08.699-03:00  INFO 21724 --- [           main] org.hibernate.Version                    : HHH000412: Hibernate ORM core version 6.4.4.Final
2026-06-23T13:39:08.744-03:00  INFO 21724 --- [           main] o.h.c.internal.RegionFactoryInitiator    : HHH000026: Second-level cache disabled
2026-06-23T13:39:09.026-03:00  INFO 21724 --- [           main] o.s.o.j.p.SpringPersistenceUnitInfo      : No LoadTimeWeaver setup: ignoring JPA class transformer
2026-06-23T13:39:09.046-03:00  INFO 21724 --- [           main] com.zaxxer.hikari.HikariDataSource       : HikariPool-1 - Starting...
2026-06-23T13:39:09.205-03:00  INFO 21724 --- [           main] com.zaxxer.hikari.pool.HikariPool        : HikariPool-1 - Added connection conn0: url=jdbc:h2:mem:faceregistry user=SA
2026-06-23T13:39:09.206-03:00  INFO 21724 --- [           main] com.zaxxer.hikari.HikariDataSource       : HikariPool-1 - Start completed.
2026-06-23T13:39:09.225-03:00  WARN 21724 --- [           main] org.hibernate.orm.deprecation            : HHH90000025: H2Dialect does not need to be specified explicitly using 'hibernate.dialect' (remove the property setting and it will be selected by default)
2026-06-23T13:39:09.923-03:00  INFO 21724 --- [           main] o.h.e.t.j.p.i.JtaPlatformInitiator       : HHH000489: No JTA platform available (set 'hibernate.transaction.jta.platform' to enable JTA platform integration)
Hibernate: 
    create table users (
        id uuid not null,
        cpf varchar(11) not null,
        created_at timestamp(6) not null,
        embedding varchar(8000) not null,
        name varchar(255) not null,
        photo blob not null,
        primary key (id)
    )
Hibernate: 
    alter table if exists users 
       drop constraint if exists idx_users_cpf
Hibernate: 
    alter table if exists users 
       add constraint idx_users_cpf unique (cpf)
2026-06-23T13:39:09.972-03:00  INFO 21724 --- [           main] j.LocalContainerEntityManagerFactoryBean : Initialized JPA EntityManagerFactory for persistence unit 'default'
2026-06-23T13:39:10.455-03:00  INFO 21724 --- [           main] o.s.d.j.r.query.QueryEnhancerFactory     : Hibernate is in classpath; If applicable, HQL parser will be used.
2026-06-23T13:39:11.252-03:00  INFO 21724 --- [           main] c.b.f.service.FaceBiometricsService      : Inicializando modelos DJL REAIS para detecção e reconhecimento facial (PyTorch)...
----------- System Properties -----------
java.specification.version: 21
sun.cpu.isalist: amd64
sun.jnu.encoding: Cp1252
java.class.path: O:\JavaProjects\face-registry\backend\target\test-classes;O:\JavaProjects\face-registry\backend\target\classes;C:\Users\gbbts\.m2\repository\org\springframework\boot\spring-boot-starter-web\3.2.4\spring-boot-starter-web-3.2.4.jar;C:\Users\gbbts\.m2\repository\org\springframework\boot\spring-boot-starter\3.2.4\spring-boot-starter-3.2.4.jar;C:\Users\gbbts\.m2\repository\org\springframework\boot\spring-boot\3.2.4\spring-boot-3.2.4.jar;C:\Users\gbbts\.m2\repository\org\springframework\boot\spring-boot-autoconfigure\3.2.4\spring-boot-autoconfigure-3.2.4.jar;C:\Users\gbbts\.m2\repository\org\springframework\boot\spring-boot-starter-logging\3.2.4\spring-boot-starter-logging-3.2.4.jar;C:\Users\gbbts\.m2\repository\ch\qos\logback\logback-classic\1.4.14\logback-classic-1.4.14.jar;C:\Users\gbbts\.m2\repository\ch\qos\logback\logback-core\1.4.14\logback-core-1.4.14.jar;C:\Users\gbbts\.m2\repository\org\apache\logging\log4j\log4j-to-slf4j\2.21.1\log4j-to-slf4j-2.21.1.jar;C:\Users\gbbts\.m2\repository\org\apache\logging\log4j\log4j-api\2.21.1\log4j-api-2.21.1.jar;C:\Users\gbbts\.m2\repository\org\slf4j\jul-to-slf4j\2.0.12\jul-to-slf4j-2.0.12.jar;C:\Users\gbbts\.m2\repository\jakarta\annotation\jakarta.annotation-api\2.1.1\jakarta.annotation-api-2.1.1.jar;C:\Users\gbbts\.m2\repository\org\yaml\snakeyaml\2.2\snakeyaml-2.2.jar;C:\Users\gbbts\.m2\repository\org\springframework\boot\spring-boot-starter-json\3.2.4\spring-boot-starter-json-3.2.4.jar;C:\Users\gbbts\.m2\repository\com\fasterxml\jackson\core\jackson-databind\2.15.4\jackson-databind-2.15.4.jar;C:\Users\gbbts\.m2\repository\com\fasterxml\jackson\core\jackson-annotations\2.15.4\jackson-annotations-2.15.4.jar;C:\Users\gbbts\.m2\repository\com\fasterxml\jackson\core\jackson-core\2.15.4\jackson-core-2.15.4.jar;C:\Users\gbbts\.m2\repository\com\fasterxml\jackson\datatype\jackson-datatype-jdk8\2.15.4\jackson-datatype-jdk8-2.15.4.jar;C:\Users\gbbts\.m2\repository\com\fasterxml\jackson\datatype\jackson-datatype-jsr310\2.15.4\jackson-datatype-jsr310-2.15.4.jar;C:\Users\gbbts\.m2\repository\com\fasterxml\jackson\module\jackson-module-parameter-names\2.15.4\jackson-module-parameter-names-2.15.4.jar;C:\Users\gbbts\.m2\repository\org\springframework\boot\spring-boot-starter-tomcat\3.2.4\spring-boot-starter-tomcat-3.2.4.jar;C:\Users\gbbts\.m2\repository\org\apache\tomcat\embed\tomcat-embed-core\10.1.19\tomcat-embed-core-10.1.19.jar;C:\Users\gbbts\.m2\repository\org\apache\tomcat\embed\tomcat-embed-websocket\10.1.19\tomcat-embed-websocket-10.1.19.jar;C:\Users\gbbts\.m2\repository\org\springframework\spring-web\6.1.5\spring-web-6.1.5.jar;C:\Users\gbbts\.m2\repository\org\springframework\spring-beans\6.1.5\spring-beans-6.1.5.jar;C:\Users\gbbts\.m2\repository\io\micrometer\micrometer-observation\1.12.4\micrometer-observation-1.12.4.jar;C:\Users\gbbts\.m2\repository\io\micrometer\micrometer-commons\1.12.4\micrometer-commons-1.12.4.jar;C:\Users\gbbts\.m2\repository\org\springframework\spring-webmvc\6.1.5\spring-webmvc-6.1.5.jar;C:\Users\gbbts\.m2\repository\org\springframework\spring-aop\6.1.5\spring-aop-6.1.5.jar;C:\Users\gbbts\.m2\repository\org\springframework\spring-context\6.1.5\spring-context-6.1.5.jar;C:\Users\gbbts\.m2\repository\org\springframework\spring-expression\6.1.5\spring-expression-6.1.5.jar;C:\Users\gbbts\.m2\repository\org\springframework\boot\spring-boot-starter-data-jpa\3.2.4\spring-boot-starter-data-jpa-3.2.4.jar;C:\Users\gbbts\.m2\repository\org\springframework\boot\spring-boot-starter-aop\3.2.4\spring-boot-starter-aop-3.2.4.jar;C:\Users\gbbts\.m2\repository\org\aspectj\aspectjweaver\1.9.21\aspectjweaver-1.9.21.jar;C:\Users\gbbts\.m2\repository\org\springframework\boot\spring-boot-starter-jdbc\3.2.4\spring-boot-starter-jdbc-3.2.4.jar;C:\Users\gbbts\.m2\repository\com\zaxxer\HikariCP\5.0.1\HikariCP-5.0.1.jar;C:\Users\gbbts\.m2\repository\org\springframework\spring-jdbc\6.1.5\spring-jdbc-6.1.5.jar;C:\Users\gbbts\.m2\repository\org\hibernate\orm\hibernate-core\6.4.4.Final\hibernate-core-6.4.4.Final.jar;C:\Users\gbbts\.m2\repository\jakarta\persistence\jakarta.persistence-api\3.1.0\jakarta.persistence-api-3.1.0.jar;C:\Users\gbbts\.m2\repository\jakarta\transaction\jakarta.transaction-api\2.0.1\jakarta.transaction-api-2.0.1.jar;C:\Users\gbbts\.m2\repository\org\jboss\logging\jboss-logging\3.5.3.Final\jboss-logging-3.5.3.Final.jar;C:\Users\gbbts\.m2\repository\org\hibernate\common\hibernate-commons-annotations\6.0.6.Final\hibernate-commons-annotations-6.0.6.Final.jar;C:\Users\gbbts\.m2\repository\io\smallrye\jandex\3.1.2\jandex-3.1.2.jar;C:\Users\gbbts\.m2\repository\com\fasterxml\classmate\1.6.0\classmate-1.6.0.jar;C:\Users\gbbts\.m2\repository\net\bytebuddy\byte-buddy\1.14.12\byte-buddy-1.14.12.jar;C:\Users\gbbts\.m2\repository\org\glassfish\jaxb\jaxb-runtime\4.0.5\jaxb-runtime-4.0.5.jar;C:\Users\gbbts\.m2\repository\org\glassfish\jaxb\jaxb-core\4.0.5\jaxb-core-4.0.5.jar;C:\Users\gbbts\.m2\repository\org\eclipse\angus\angus-activation\2.0.2\angus-activation-2.0.2.jar;C:\Users\gbbts\.m2\repository\org\glassfish\jaxb\txw2\4.0.5\txw2-4.0.5.jar;C:\Users\gbbts\.m2\repository\com\sun\istack\istack-commons-runtime\4.1.2\istack-commons-runtime-4.1.2.jar;C:\Users\gbbts\.m2\repository\jakarta\inject\jakarta.inject-api\2.0.1\jakarta.inject-api-2.0.1.jar;C:\Users\gbbts\.m2\repository\org\antlr\antlr4-runtime\4.13.0\antlr4-runtime-4.13.0.jar;C:\Users\gbbts\.m2\repository\org\springframework\data\spring-data-jpa\3.2.4\spring-data-jpa-3.2.4.jar;C:\Users\gbbts\.m2\repository\org\springframework\data\spring-data-commons\3.2.4\spring-data-commons-3.2.4.jar;C:\Users\gbbts\.m2\repository\org\springframework\spring-orm\6.1.5\spring-orm-6.1.5.jar;C:\Users\gbbts\.m2\repository\org\springframework\spring-tx\6.1.5\spring-tx-6.1.5.jar;C:\Users\gbbts\.m2\repository\org\springframework\spring-aspects\6.1.5\spring-aspects-6.1.5.jar;C:\Users\gbbts\.m2\repository\org\springframework\boot\spring-boot-starter-validation\3.2.4\spring-boot-starter-validation-3.2.4.jar;C:\Users\gbbts\.m2\repository\org\apache\tomcat\embed\tomcat-embed-el\10.1.19\tomcat-embed-el-10.1.19.jar;C:\Users\gbbts\.m2\repository\org\hibernate\validator\hibernate-validator\8.0.1.Final\hibernate-validator-8.0.1.Final.jar;C:\Users\gbbts\.m2\repository\jakarta\validation\jakarta.validation-api\3.0.2\jakarta.validation-api-3.0.2.jar;C:\Users\gbbts\.m2\repository\org\postgresql\postgresql\42.6.2\postgresql-42.6.2.jar;C:\Users\gbbts\.m2\repository\org\checkerframework\checker-qual\3.31.0\checker-qual-3.31.0.jar;C:\Users\gbbts\.m2\repository\com\h2database\h2\2.2.224\h2-2.2.224.jar;C:\Users\gbbts\.m2\repository\org\projectlombok\lombok\1.18.36\lombok-1.18.36.jar;C:\Users\gbbts\.m2\repository\ai\djl\api\0.28.0\api-0.28.0.jar;C:\Users\gbbts\.m2\repository\com\google\code\gson\gson\2.10.1\gson-2.10.1.jar;C:\Users\gbbts\.m2\repository\net\java\dev\jna\jna\5.14.0\jna-5.14.0.jar;C:\Users\gbbts\.m2\repository\org\apache\commons\commons-compress\1.26.1\commons-compress-1.26.1.jar;C:\Users\gbbts\.m2\repository\commons-codec\commons-codec\1.16.1\commons-codec-1.16.1.jar;C:\Users\gbbts\.m2\repository\commons-io\commons-io\2.15.1\commons-io-2.15.1.jar;C:\Users\gbbts\.m2\repository\org\slf4j\slf4j-api\2.0.12\slf4j-api-2.0.12.jar;C:\Users\gbbts\.m2\repository\ai\djl\model-zoo\0.28.0\model-zoo-0.28.0.jar;C:\Users\gbbts\.m2\repository\ai\djl\pytorch\pytorch-engine\0.28.0\pytorch-engine-0.28.0.jar;C:\Users\gbbts\.m2\repository\ai\djl\pytorch\pytorch-model-zoo\0.28.0\pytorch-model-zoo-0.28.0.jar;C:\Users\gbbts\.m2\repository\org\springdoc\springdoc-openapi-starter-webmvc-ui\2.5.0\springdoc-openapi-starter-webmvc-ui-2.5.0.jar;C:\Users\gbbts\.m2\repository\org\springdoc\springdoc-openapi-starter-webmvc-api\2.5.0\springdoc-openapi-starter-webmvc-api-2.5.0.jar;C:\Users\gbbts\.m2\repository\org\springdoc\springdoc-openapi-starter-common\2.5.0\springdoc-openapi-starter-common-2.5.0.jar;C:\Users\gbbts\.m2\repository\io\swagger\core\v3\swagger-core-jakarta\2.2.21\swagger-core-jakarta-2.2.21.jar;C:\Users\gbbts\.m2\repository\org\apache\commons\commons-lang3\3.13.0\commons-lang3-3.13.0.jar;C:\Users\gbbts\.m2\repository\io\swagger\core\v3\swagger-annotations-jakarta\2.2.21\swagger-annotations-jakarta-2.2.21.jar;C:\Users\gbbts\.m2\repository\io\swagger\core\v3\swagger-models-jakarta\2.2.21\swagger-models-jakarta-2.2.21.jar;C:\Users\gbbts\.m2\repository\com\fasterxml\jackson\dataformat\jackson-dataformat-yaml\2.15.4\jackson-dataformat-yaml-2.15.4.jar;C:\Users\gbbts\.m2\repository\org\webjars\swagger-ui\5.13.0\swagger-ui-5.13.0.jar;C:\Users\gbbts\.m2\repository\org\springframework\boot\spring-boot-starter-test\3.2.4\spring-boot-starter-test-3.2.4.jar;C:\Users\gbbts\.m2\repository\org\springframework\boot\spring-boot-test\3.2.4\spring-boot-test-3.2.4.jar;C:\Users\gbbts\.m2\repository\org\springframework\boot\spring-boot-test-autoconfigure\3.2.4\spring-boot-test-autoconfigure-3.2.4.jar;C:\Users\gbbts\.m2\repository\com\jayway\jsonpath\json-path\2.9.0\json-path-2.9.0.jar;C:\Users\gbbts\.m2\repository\jakarta\xml\bind\jakarta.xml.bind-api\4.0.2\jakarta.xml.bind-api-4.0.2.jar;C:\Users\gbbts\.m2\repository\jakarta\activation\jakarta.activation-api\2.1.3\jakarta.activation-api-2.1.3.jar;C:\Users\gbbts\.m2\repository\net\minidev\json-smart\2.5.0\json-smart-2.5.0.jar;C:\Users\gbbts\.m2\repository\net\minidev\accessors-smart\2.5.0\accessors-smart-2.5.0.jar;C:\Users\gbbts\.m2\repository\org\ow2\asm\asm\9.3\asm-9.3.jar;C:\Users\gbbts\.m2\repository\org\assertj\assertj-core\3.24.2\assertj-core-3.24.2.jar;C:\Users\gbbts\.m2\repository\org\awaitility\awaitility\4.2.0\awaitility-4.2.0.jar;C:\Users\gbbts\.m2\repository\org\hamcrest\hamcrest\2.2\hamcrest-2.2.jar;C:\Users\gbbts\.m2\repository\org\junit\jupiter\junit-jupiter\5.10.2\junit-jupiter-5.10.2.jar;C:\Users\gbbts\.m2\repository\org\junit\jupiter\junit-jupiter-api\5.10.2\junit-jupiter-api-5.10.2.jar;C:\Users\gbbts\.m2\repository\org\opentest4j\opentest4j\1.3.0\opentest4j-1.3.0.jar;C:\Users\gbbts\.m2\repository\org\junit\platform\junit-platform-commons\1.10.2\junit-platform-commons-1.10.2.jar;C:\Users\gbbts\.m2\repository\org\apiguardian\apiguardian-api\1.1.2\apiguardian-api-1.1.2.jar;C:\Users\gbbts\.m2\repository\org\junit\jupiter\junit-jupiter-params\5.10.2\junit-jupiter-params-5.10.2.jar;C:\Users\gbbts\.m2\repository\org\junit\jupiter\junit-jupiter-engine\5.10.2\junit-jupiter-engine-5.10.2.jar;C:\Users\gbbts\.m2\repository\org\junit\platform\junit-platform-engine\1.10.2\junit-platform-engine-1.10.2.jar;C:\Users\gbbts\.m2\repository\org\mockito\mockito-core\5.7.0\mockito-core-5.7.0.jar;C:\Users\gbbts\.m2\repository\net\bytebuddy\byte-buddy-agent\1.14.12\byte-buddy-agent-1.14.12.jar;C:\Users\gbbts\.m2\repository\org\objenesis\objenesis\3.3\objenesis-3.3.jar;C:\Users\gbbts\.m2\repository\org\mockito\mockito-junit-jupiter\5.7.0\mockito-junit-jupiter-5.7.0.jar;C:\Users\gbbts\.m2\repository\org\skyscreamer\jsonassert\1.5.1\jsonassert-1.5.1.jar;C:\Users\gbbts\.m2\repository\com\vaadin\external\google\android-json\0.0.20131108.vaadin1\android-json-0.0.20131108.vaadin1.jar;C:\Users\gbbts\.m2\repository\org\springframework\spring-core\6.1.5\spring-core-6.1.5.jar;C:\Users\gbbts\.m2\repository\org\springframework\spring-jcl\6.1.5\spring-jcl-6.1.5.jar;C:\Users\gbbts\.m2\repository\org\springframework\spring-test\6.1.5\spring-test-6.1.5.jar;C:\Users\gbbts\.m2\repository\org\xmlunit\xmlunit-core\2.9.1\xmlunit-core-2.9.1.jar;
java.vm.vendor: Eclipse Adoptium
sun.arch.data.model: 64
user.variant: 
java.vendor.url: https://adoptium.net/
user.timezone: America/Sao_Paulo
org.jboss.logging.provider: slf4j
java.vm.specification.version: 21
os.name: Windows 11
sun.java.launcher: SUN_STANDARD
user.country: BR
sun.boot.library.path: C:\Users\gbbts\AppData\Roaming\Antigravity\User\globalStorage\pleiades.java-extension-pack-jdk\java\21\bin
sun.java.command: C:\Users\gbbts\AppData\Local\Temp\surefire8788195181520595374\surefirebooter-20260623133905935_3.jar C:\Users\gbbts\AppData\Local\Temp\surefire8788195181520595374 2026-06-23T13-39-05_839-jvmRun1 surefire-20260623133905935_1tmp surefire_0-20260623133905935_2tmp
jdk.debug: release
surefire.test.class.path: O:\JavaProjects\face-registry\backend\target\test-classes;O:\JavaProjects\face-registry\backend\target\classes;C:\Users\gbbts\.m2\repository\org\springframework\boot\spring-boot-starter-web\3.2.4\spring-boot-starter-web-3.2.4.jar;C:\Users\gbbts\.m2\repository\org\springframework\boot\spring-boot-starter\3.2.4\spring-boot-starter-3.2.4.jar;C:\Users\gbbts\.m2\repository\org\springframework\boot\spring-boot\3.2.4\spring-boot-3.2.4.jar;C:\Users\gbbts\.m2\repository\org\springframework\boot\spring-boot-autoconfigure\3.2.4\spring-boot-autoconfigure-3.2.4.jar;C:\Users\gbbts\.m2\repository\org\springframework\boot\spring-boot-starter-logging\3.2.4\spring-boot-starter-logging-3.2.4.jar;C:\Users\gbbts\.m2\repository\ch\qos\logback\logback-classic\1.4.14\logback-classic-1.4.14.jar;C:\Users\gbbts\.m2\repository\ch\qos\logback\logback-core\1.4.14\logback-core-1.4.14.jar;C:\Users\gbbts\.m2\repository\org\apache\logging\log4j\log4j-to-slf4j\2.21.1\log4j-to-slf4j-2.21.1.jar;C:\Users\gbbts\.m2\repository\org\apache\logging\log4j\log4j-api\2.21.1\log4j-api-2.21.1.jar;C:\Users\gbbts\.m2\repository\org\slf4j\jul-to-slf4j\2.0.12\jul-to-slf4j-2.0.12.jar;C:\Users\gbbts\.m2\repository\jakarta\annotation\jakarta.annotation-api\2.1.1\jakarta.annotation-api-2.1.1.jar;C:\Users\gbbts\.m2\repository\org\yaml\snakeyaml\2.2\snakeyaml-2.2.jar;C:\Users\gbbts\.m2\repository\org\springframework\boot\spring-boot-starter-json\3.2.4\spring-boot-starter-json-3.2.4.jar;C:\Users\gbbts\.m2\repository\com\fasterxml\jackson\core\jackson-databind\2.15.4\jackson-databind-2.15.4.jar;C:\Users\gbbts\.m2\repository\com\fasterxml\jackson\core\jackson-annotations\2.15.4\jackson-annotations-2.15.4.jar;C:\Users\gbbts\.m2\repository\com\fasterxml\jackson\core\jackson-core\2.15.4\jackson-core-2.15.4.jar;C:\Users\gbbts\.m2\repository\com\fasterxml\jackson\datatype\jackson-datatype-jdk8\2.15.4\jackson-datatype-jdk8-2.15.4.jar;C:\Users\gbbts\.m2\repository\com\fasterxml\jackson\datatype\jackson-datatype-jsr310\2.15.4\jackson-datatype-jsr310-2.15.4.jar;C:\Users\gbbts\.m2\repository\com\fasterxml\jackson\module\jackson-module-parameter-names\2.15.4\jackson-module-parameter-names-2.15.4.jar;C:\Users\gbbts\.m2\repository\org\springframework\boot\spring-boot-starter-tomcat\3.2.4\spring-boot-starter-tomcat-3.2.4.jar;C:\Users\gbbts\.m2\repository\org\apache\tomcat\embed\tomcat-embed-core\10.1.19\tomcat-embed-core-10.1.19.jar;C:\Users\gbbts\.m2\repository\org\apache\tomcat\embed\tomcat-embed-websocket\10.1.19\tomcat-embed-websocket-10.1.19.jar;C:\Users\gbbts\.m2\repository\org\springframework\spring-web\6.1.5\spring-web-6.1.5.jar;C:\Users\gbbts\.m2\repository\org\springframework\spring-beans\6.1.5\spring-beans-6.1.5.jar;C:\Users\gbbts\.m2\repository\io\micrometer\micrometer-observation\1.12.4\micrometer-observation-1.12.4.jar;C:\Users\gbbts\.m2\repository\io\micrometer\micrometer-commons\1.12.4\micrometer-commons-1.12.4.jar;C:\Users\gbbts\.m2\repository\org\springframework\spring-webmvc\6.1.5\spring-webmvc-6.1.5.jar;C:\Users\gbbts\.m2\repository\org\springframework\spring-aop\6.1.5\spring-aop-6.1.5.jar;C:\Users\gbbts\.m2\repository\org\springframework\spring-context\6.1.5\spring-context-6.1.5.jar;C:\Users\gbbts\.m2\repository\org\springframework\spring-expression\6.1.5\spring-expression-6.1.5.jar;C:\Users\gbbts\.m2\repository\org\springframework\boot\spring-boot-starter-data-jpa\3.2.4\spring-boot-starter-data-jpa-3.2.4.jar;C:\Users\gbbts\.m2\repository\org\springframework\boot\spring-boot-starter-aop\3.2.4\spring-boot-starter-aop-3.2.4.jar;C:\Users\gbbts\.m2\repository\org\aspectj\aspectjweaver\1.9.21\aspectjweaver-1.9.21.jar;C:\Users\gbbts\.m2\repository\org\springframework\boot\spring-boot-starter-jdbc\3.2.4\spring-boot-starter-jdbc-3.2.4.jar;C:\Users\gbbts\.m2\repository\com\zaxxer\HikariCP\5.0.1\HikariCP-5.0.1.jar;C:\Users\gbbts\.m2\repository\org\springframework\spring-jdbc\6.1.5\spring-jdbc-6.1.5.jar;C:\Users\gbbts\.m2\repository\org\hibernate\orm\hibernate-core\6.4.4.Final\hibernate-core-6.4.4.Final.jar;C:\Users\gbbts\.m2\repository\jakarta\persistence\jakarta.persistence-api\3.1.0\jakarta.persistence-api-3.1.0.jar;C:\Users\gbbts\.m2\repository\jakarta\transaction\jakarta.transaction-api\2.0.1\jakarta.transaction-api-2.0.1.jar;C:\Users\gbbts\.m2\repository\org\jboss\logging\jboss-logging\3.5.3.Final\jboss-logging-3.5.3.Final.jar;C:\Users\gbbts\.m2\repository\org\hibernate\common\hibernate-commons-annotations\6.0.6.Final\hibernate-commons-annotations-6.0.6.Final.jar;C:\Users\gbbts\.m2\repository\io\smallrye\jandex\3.1.2\jandex-3.1.2.jar;C:\Users\gbbts\.m2\repository\com\fasterxml\classmate\1.6.0\classmate-1.6.0.jar;C:\Users\gbbts\.m2\repository\net\bytebuddy\byte-buddy\1.14.12\byte-buddy-1.14.12.jar;C:\Users\gbbts\.m2\repository\org\glassfish\jaxb\jaxb-runtime\4.0.5\jaxb-runtime-4.0.5.jar;C:\Users\gbbts\.m2\repository\org\glassfish\jaxb\jaxb-core\4.0.5\jaxb-core-4.0.5.jar;C:\Users\gbbts\.m2\repository\org\eclipse\angus\angus-activation\2.0.2\angus-activation-2.0.2.jar;C:\Users\gbbts\.m2\repository\org\glassfish\jaxb\txw2\4.0.5\txw2-4.0.5.jar;C:\Users\gbbts\.m2\repository\com\sun\istack\istack-commons-runtime\4.1.2\istack-commons-runtime-4.1.2.jar;C:\Users\gbbts\.m2\repository\jakarta\inject\jakarta.inject-api\2.0.1\jakarta.inject-api-2.0.1.jar;C:\Users\gbbts\.m2\repository\org\antlr\antlr4-runtime\4.13.0\antlr4-runtime-4.13.0.jar;C:\Users\gbbts\.m2\repository\org\springframework\data\spring-data-jpa\3.2.4\spring-data-jpa-3.2.4.jar;C:\Users\gbbts\.m2\repository\org\springframework\data\spring-data-commons\3.2.4\spring-data-commons-3.2.4.jar;C:\Users\gbbts\.m2\repository\org\springframework\spring-orm\6.1.5\spring-orm-6.1.5.jar;C:\Users\gbbts\.m2\repository\org\springframework\spring-tx\6.1.5\spring-tx-6.1.5.jar;C:\Users\gbbts\.m2\repository\org\springframework\spring-aspects\6.1.5\spring-aspects-6.1.5.jar;C:\Users\gbbts\.m2\repository\org\springframework\boot\spring-boot-starter-validation\3.2.4\spring-boot-starter-validation-3.2.4.jar;C:\Users\gbbts\.m2\repository\org\apache\tomcat\embed\tomcat-embed-el\10.1.19\tomcat-embed-el-10.1.19.jar;C:\Users\gbbts\.m2\repository\org\hibernate\validator\hibernate-validator\8.0.1.Final\hibernate-validator-8.0.1.Final.jar;C:\Users\gbbts\.m2\repository\jakarta\validation\jakarta.validation-api\3.0.2\jakarta.validation-api-3.0.2.jar;C:\Users\gbbts\.m2\repository\org\postgresql\postgresql\42.6.2\postgresql-42.6.2.jar;C:\Users\gbbts\.m2\repository\org\checkerframework\checker-qual\3.31.0\checker-qual-3.31.0.jar;C:\Users\gbbts\.m2\repository\com\h2database\h2\2.2.224\h2-2.2.224.jar;C:\Users\gbbts\.m2\repository\org\projectlombok\lombok\1.18.36\lombok-1.18.36.jar;C:\Users\gbbts\.m2\repository\ai\djl\api\0.28.0\api-0.28.0.jar;C:\Users\gbbts\.m2\repository\com\google\code\gson\gson\2.10.1\gson-2.10.1.jar;C:\Users\gbbts\.m2\repository\net\java\dev\jna\jna\5.14.0\jna-5.14.0.jar;C:\Users\gbbts\.m2\repository\org\apache\commons\commons-compress\1.26.1\commons-compress-1.26.1.jar;C:\Users\gbbts\.m2\repository\commons-codec\commons-codec\1.16.1\commons-codec-1.16.1.jar;C:\Users\gbbts\.m2\repository\commons-io\commons-io\2.15.1\commons-io-2.15.1.jar;C:\Users\gbbts\.m2\repository\org\slf4j\slf4j-api\2.0.12\slf4j-api-2.0.12.jar;C:\Users\gbbts\.m2\repository\ai\djl\model-zoo\0.28.0\model-zoo-0.28.0.jar;C:\Users\gbbts\.m2\repository\ai\djl\pytorch\pytorch-engine\0.28.0\pytorch-engine-0.28.0.jar;C:\Users\gbbts\.m2\repository\ai\djl\pytorch\pytorch-model-zoo\0.28.0\pytorch-model-zoo-0.28.0.jar;C:\Users\gbbts\.m2\repository\org\springdoc\springdoc-openapi-starter-webmvc-ui\2.5.0\springdoc-openapi-starter-webmvc-ui-2.5.0.jar;C:\Users\gbbts\.m2\repository\org\springdoc\springdoc-openapi-starter-webmvc-api\2.5.0\springdoc-openapi-starter-webmvc-api-2.5.0.jar;C:\Users\gbbts\.m2\repository\org\springdoc\springdoc-openapi-starter-common\2.5.0\springdoc-openapi-starter-common-2.5.0.jar;C:\Users\gbbts\.m2\repository\io\swagger\core\v3\swagger-core-jakarta\2.2.21\swagger-core-jakarta-2.2.21.jar;C:\Users\gbbts\.m2\repository\org\apache\commons\commons-lang3\3.13.0\commons-lang3-3.13.0.jar;C:\Users\gbbts\.m2\repository\io\swagger\core\v3\swagger-annotations-jakarta\2.2.21\swagger-annotations-jakarta-2.2.21.jar;C:\Users\gbbts\.m2\repository\io\swagger\core\v3\swagger-models-jakarta\2.2.21\swagger-models-jakarta-2.2.21.jar;C:\Users\gbbts\.m2\repository\com\fasterxml\jackson\dataformat\jackson-dataformat-yaml\2.15.4\jackson-dataformat-yaml-2.15.4.jar;C:\Users\gbbts\.m2\repository\org\webjars\swagger-ui\5.13.0\swagger-ui-5.13.0.jar;C:\Users\gbbts\.m2\repository\org\springframework\boot\spring-boot-starter-test\3.2.4\spring-boot-starter-test-3.2.4.jar;C:\Users\gbbts\.m2\repository\org\springframework\boot\spring-boot-test\3.2.4\spring-boot-test-3.2.4.jar;C:\Users\gbbts\.m2\repository\org\springframework\boot\spring-boot-test-autoconfigure\3.2.4\spring-boot-test-autoconfigure-3.2.4.jar;C:\Users\gbbts\.m2\repository\com\jayway\jsonpath\json-path\2.9.0\json-path-2.9.0.jar;C:\Users\gbbts\.m2\repository\jakarta\xml\bind\jakarta.xml.bind-api\4.0.2\jakarta.xml.bind-api-4.0.2.jar;C:\Users\gbbts\.m2\repository\jakarta\activation\jakarta.activation-api\2.1.3\jakarta.activation-api-2.1.3.jar;C:\Users\gbbts\.m2\repository\net\minidev\json-smart\2.5.0\json-smart-2.5.0.jar;C:\Users\gbbts\.m2\repository\net\minidev\accessors-smart\2.5.0\accessors-smart-2.5.0.jar;C:\Users\gbbts\.m2\repository\org\ow2\asm\asm\9.3\asm-9.3.jar;C:\Users\gbbts\.m2\repository\org\assertj\assertj-core\3.24.2\assertj-core-3.24.2.jar;C:\Users\gbbts\.m2\repository\org\awaitility\awaitility\4.2.0\awaitility-4.2.0.jar;C:\Users\gbbts\.m2\repository\org\hamcrest\hamcrest\2.2\hamcrest-2.2.jar;C:\Users\gbbts\.m2\repository\org\junit\jupiter\junit-jupiter\5.10.2\junit-jupiter-5.10.2.jar;C:\Users\gbbts\.m2\repository\org\junit\jupiter\junit-jupiter-api\5.10.2\junit-jupiter-api-5.10.2.jar;C:\Users\gbbts\.m2\repository\org\opentest4j\opentest4j\1.3.0\opentest4j-1.3.0.jar;C:\Users\gbbts\.m2\repository\org\junit\platform\junit-platform-commons\1.10.2\junit-platform-commons-1.10.2.jar;C:\Users\gbbts\.m2\repository\org\apiguardian\apiguardian-api\1.1.2\apiguardian-api-1.1.2.jar;C:\Users\gbbts\.m2\repository\org\junit\jupiter\junit-jupiter-params\5.10.2\junit-jupiter-params-5.10.2.jar;C:\Users\gbbts\.m2\repository\org\junit\jupiter\junit-jupiter-engine\5.10.2\junit-jupiter-engine-5.10.2.jar;C:\Users\gbbts\.m2\repository\org\junit\platform\junit-platform-engine\1.10.2\junit-platform-engine-1.10.2.jar;C:\Users\gbbts\.m2\repository\org\mockito\mockito-core\5.7.0\mockito-core-5.7.0.jar;C:\Users\gbbts\.m2\repository\net\bytebuddy\byte-buddy-agent\1.14.12\byte-buddy-agent-1.14.12.jar;C:\Users\gbbts\.m2\repository\org\objenesis\objenesis\3.3\objenesis-3.3.jar;C:\Users\gbbts\.m2\repository\org\mockito\mockito-junit-jupiter\5.7.0\mockito-junit-jupiter-5.7.0.jar;C:\Users\gbbts\.m2\repository\org\skyscreamer\jsonassert\1.5.1\jsonassert-1.5.1.jar;C:\Users\gbbts\.m2\repository\com\vaadin\external\google\android-json\0.0.20131108.vaadin1\android-json-0.0.20131108.vaadin1.jar;C:\Users\gbbts\.m2\repository\org\springframework\spring-core\6.1.5\spring-core-6.1.5.jar;C:\Users\gbbts\.m2\repository\org\springframework\spring-jcl\6.1.5\spring-jcl-6.1.5.jar;C:\Users\gbbts\.m2\repository\org\springframework\spring-test\6.1.5\spring-test-6.1.5.jar;C:\Users\gbbts\.m2\repository\org\xmlunit\xmlunit-core\2.9.1\xmlunit-core-2.9.1.jar;
sun.cpu.endian: little
user.home: C:\Users\gbbts
user.language: pt
java.specification.vendor: Oracle Corporation
java.version.date: 2026-01-20
java.home: C:\Users\gbbts\AppData\Roaming\Antigravity\User\globalStorage\pleiades.java-extension-pack-jdk\java\21
file.separator: \
basedir: O:\JavaProjects\face-registry\backend
java.vm.compressedOopsMode: Zero based
line.separator: 

java.vm.specification.vendor: Oracle Corporation
java.specification.name: Java Platform API Specification
FILE_LOG_CHARSET: UTF-8
java.awt.headless: true
surefire.real.class.path: C:\Users\gbbts\AppData\Local\Temp\surefire8788195181520595374\surefirebooter-20260623133905935_3.jar
user.script: 
sun.management.compiler: HotSpot 64-Bit Tiered Compilers
java.runtime.version: 21.0.10+7-LTS
user.name: gbbts
stdout.encoding: Cp1252
path.separator: ;
os.version: 10.0
java.runtime.name: OpenJDK Runtime Environment
file.encoding: UTF-8
java.vm.name: OpenJDK 64-Bit Server VM
java.vendor.version: Temurin-21.0.10+7
localRepository: C:\Users\gbbts\.m2\repository
java.vendor.url.bug: https://github.com/adoptium/adoptium-support/issues
java.io.tmpdir: C:\Users\gbbts\AppData\Local\Temp\
com.zaxxer.hikari.pool_number: 1
java.version: 21.0.10
user.dir: O:\JavaProjects\face-registry\backend
os.arch: amd64
java.vm.specification.name: Java Virtual Machine Specification
PID: 21724
sun.os.patch.level: 
CONSOLE_LOG_CHARSET: UTF-8
native.encoding: Cp1252
java.library.path: C:\Users\gbbts\AppData\Roaming\Antigravity\User\globalStorage\pleiades.java-extension-pack-jdk\java\21\bin;C:\WINDOWS\Sun\Java\bin;C:\WINDOWS\system32;C:\WINDOWS;C:/Users/gbbts/.gemini/antigravity-ide/bin;C:\WINDOWS\system32;C:\WINDOWS;C:\WINDOWS\System32\Wbem;C:\WINDOWS\System32\WindowsPowerShell\v1.0\;C:\WINDOWS\System32\OpenSSH\;C:\Program Files (x86)\NVIDIA Corporation\PhysX\Common;C:\Program Files\dotnet\;C:\Program Files\NVIDIA Corporation\NVIDIA app\NvDLISR;C:\Program Files\Git\cmd;C:\Users\gbbts\AppData\Local\Programs\Python\Python312;C:\Users\gbbts\AppData\Local\Programs\Python\Python312\Scripts;C:\Program Files\playit_gg\bin\;C:\Program Files\Go\bin;C:\Program Files\Docker\Docker\resources\bin;C:\Program Files\Eclipse Adoptium\jdk-21\bin\java.exe;C:\Program Files (x86)\Windows Kits\10\Windows Performance Toolkit\;C:\Program Files (x86)\cloudflared\;C:\Users\gbbts\.local\bin;C:\msys64\mingw64\bin;C:\Users\gbbts\go\bin;C:\Users\gbbts\AppData\Local\Python\bin;C:\Users\gbbts\AppData\Local\Programs\Antigravity\bin;C:\Users\gbbts\AppData\Local\Programs\Antigravity IDE\bin;C:\Users\gbbts\AppData\Local\Programs\Microsoft VS Code\bin;.
java.vm.info: mixed mode, sharing
stderr.encoding: Cp1252
java.vendor: Eclipse Adoptium
java.vm.version: 21.0.10+7-LTS
sun.io.unicode.encoding: UnicodeLittle
java.class.version: 65.0

--------- Environment Variables ---------
PATH: C:/Users/gbbts/.gemini/antigravity-ide/bin;C:\WINDOWS\system32;C:\WINDOWS;C:\WINDOWS\System32\Wbem;C:\WINDOWS\System32\WindowsPowerShell\v1.0\;C:\WINDOWS\System32\OpenSSH\;C:\Program Files (x86)\NVIDIA Corporation\PhysX\Common;C:\Program Files\dotnet\;C:\Program Files\NVIDIA Corporation\NVIDIA app\NvDLISR;C:\Program Files\Git\cmd;C:\Users\gbbts\AppData\Local\Programs\Python\Python312;C:\Users\gbbts\AppData\Local\Programs\Python\Python312\Scripts;C:\Program Files\playit_gg\bin\;C:\Program Files\Go\bin;C:\Program Files\Docker\Docker\resources\bin;C:\Program Files\Eclipse Adoptium\jdk-21\bin\java.exe;C:\Program Files (x86)\Windows Kits\10\Windows Performance Toolkit\;C:\Program Files (x86)\cloudflared\;C:\Users\gbbts\.local\bin;C:\msys64\mingw64\bin;C:\Users\gbbts\go\bin;C:\Users\gbbts\AppData\Local\Python\bin;C:\Users\gbbts\AppData\Local\Programs\Antigravity\bin;C:\Users\gbbts\AppData\Local\Programs\Antigravity IDE\bin;C:\Users\gbbts\AppData\Local\Programs\Microsoft VS Code\bin
USERDOMAIN_ROAMINGPROFILE: DESKTOP
ANTIGRAVITY_EDITOR_APP_ROOT: c:\Users\gbbts\AppData\Local\Programs\Antigravity IDE\resources\app
EFC_9260_1592913036: 1
PROCESSOR_LEVEL: 25
SYSTEMDRIVE: C:
ANTIGRAVITY_LS_ADDRESS: localhost:53137
ANTIGRAVITY_CSRF_TOKEN: *********
SESSIONNAME: Console
ALLUSERSPROFILE: C:\ProgramData
PROCESSOR_ARCHITECTURE: AMD64
DRIVERDATA: C:\Windows\System32\Drivers\DriverData
VSCODE_PID: 12144
MAVEN_HOME: C:\Users\gbbts\AppData\Local\Programs\IntelliJ IDEA\plugins\maven\lib\maven3
PROGRAMFILES: C:\Program Files
PSMODULEPATH: C:\Users\gbbts\OneDrive\Documentos\WindowsPowerShell\Modules;C:\Program Files\WindowsPowerShell\Modules;C:\WINDOWS\system32\WindowsPowerShell\v1.0\Modules
PROGRAMDATA: C:\ProgramData
USERNAME: gbbts
VSCODE_NLS_CONFIG: {"userLocale":"en-us","osLocale":"pt-br","resolvedLanguage":"en","defaultMessagesFile":"C:\\Users\\gbbts\\AppData\\Local\\Programs\\Antigravity IDE\\resources\\app\\out\\nls.messages.json","locale":"en-us","availableLanguages":{}}
WDIR: O:\
CHROME_CRASHPAD_PIPE_NAME: \\.\pipe\crashpad_12144_SPWKYKRKAJWXVBWU
ONEDRIVE: C:\Users\gbbts\OneDrive
PATHEXT: .COM;.EXE;.BAT;.CMD;.VBS;.VBE;.JS;.JSE;.WSF;.WSH;.MSC;.CPL
ONEDRIVECONSUMER: C:\Users\gbbts\OneDrive
CLASSWORLDS_JAR: "C:\Users\gbbts\AppData\Local\Programs\IntelliJ IDEA\plugins\maven\lib\maven3\boot\plexus-classworlds-2.9.0.jar"
GOPATH: C:\Users\gbbts\go
VSCODE_CODE_CACHE_PATH: C:\Users\gbbts\AppData\Roaming\Antigravity IDE\CachedData\def9583aef9852ff94cb0dea16ede9bb6b095b30
WINDIR: C:\WINDOWS
HOMEPATH: \Users\gbbts
PROCESSOR_IDENTIFIER: AMD64 Family 25 Model 80 Stepping 0, AuthenticAMD
PUBLIC: C:\Users\Public
=EXITCODE: 00000000
ANTIGRAVITY_SOURCE_METADATA: {"tool":{"conversationId":"a8cba3d5-11ef-4536-b59d-6577d7d76bf2","stepIndex":398,"toolCall":{"id":"w0wa4srr","name":"run_command","argumentsJson":"{\"CommandLine\":\"$env:JAVA_HOME = \\\"C:\\\\Users\\\\gbbts\\\\AppData\\\\Roaming\\\\Antigravity\\\\User\\\\globalStorage\\\\pleiades.java-extension-pack-jdk\\\\java\\\\21\\\"; \\u0026 \\\"C:\\\\Users\\\\gbbts\\\\AppData\\\\Local\\\\Programs\\\\IntelliJ IDEA\\\\plugins\\\\maven\\\\lib\\\\maven3\\\\bin\\\\mvn.cmd\\\" test\",\"Cwd\":\"o:\\\\JavaProjects\\\\face-registry\\\\backend\",\"WaitMsBeforeAsync\":2000,\"toolAction\":\"Running Maven tests\",\"toolSummary\":\"Run Maven tests\"}","thinkingSignature":"Em4KbAEMOdbHrQjrDCzbv5k5ePNr4asO8wcmZ2f2JG77c54aLZeUd2ZEKLju4tqEOvXyUkTaK8zHYrT0h6ov2aUas/aGDZZllS2hA7LNmZ30wUNZYo/MKZGonsQNprPZcO5MfVRpqRBUtqnnKGtCNg==","originalName":"run_command"}}}
LOCALAPPDATA: C:\Users\gbbts\AppData\Local
COMMONPROGRAMFILES(X86): C:\Program Files (x86)\Common Files
USERDOMAIN: DESKTOP
LOGONSERVER: \\DESKTOP
=O:: O:\JavaProjects\face-registry\backend
JAVA_HOME: C:\Users\gbbts\AppData\Roaming\Antigravity\User\globalStorage\pleiades.java-extension-pack-jdk\java\21
PROMPT: $P$G
ANTIGRAVITY_TRAJECTORY_ID: c8ea6ffa-1f36-4157-9857-ff21c9ca3a35
PROGRAMFILES(X86): C:\Program Files (x86)
ERROR_CODE: 0
EXEC_DIR: O:\JavaProjects\face-registry\backend
MAVEN_OPTS: --enable-native-access=ALL-UNNAMED 
APPDATA: C:\Users\gbbts\AppData\Roaming
PROGRAMW6432: C:\Program Files
SYSTEMROOT: C:\WINDOWS
MAVEN_CMD_LINE_ARGS: test
VSCODE_CWD: C:\Users\gbbts\AppData\Local\Programs\Antigravity IDE
OS: Windows_NT
COMMONPROGRAMW6432: C:\Program Files\Common Files
COMPUTERNAME: DESKTOP
COMMONPROGRAMFILES: C:\Program Files\Common Files
COMSPEC: C:\WINDOWS\system32\cmd.exe
JAVACMD: C:\Users\gbbts\AppData\Roaming\Antigravity\User\globalStorage\pleiades.java-extension-pack-jdk\java\21\bin\java.exe
MAVEN_PROJECTBASEDIR: O:\JavaProjects\face-registry\backend
FARGODATAPATH: C:\Users\gbbts\Documents\My Games\Terraria\tModLoader\Dev
PROCESSOR_REVISION: 5000
CLASSWORLDS_LAUNCHER: org.codehaus.plexus.classworlds.launcher.Launcher
TEMP: C:\Users\gbbts\AppData\Local\Temp
HOMEDRIVE: C:
USERPROFILE: C:\Users\gbbts
TMP: C:\Users\gbbts\AppData\Local\Temp
NUMBER_OF_PROCESSORS: 16
ANTIGRAVITY_AGENT: 1
JVMCONFIG: \.mvn\jvm.config
VSCODE_IPC_HOOK: \\.\pipe\2c6ea420-1.107.0-main-sock

-------------- Directories --------------
temp directory: C:\Users\gbbts\AppData\Local\Temp
DJL cache directory: C:\Users\gbbts\.djl.ai
Engine cache directory: C:\Users\gbbts\.djl.ai

------------------ CUDA -----------------
GPU Count: 1
CUDA: 065
ARCH: 86
GPU(0) memory used: 1093140480 bytes

----------------- Engines ---------------
DJL version: 0.28.0
2026-06-23T13:39:11.537-03:00  WARN 21724 --- [           main] ai.djl.pytorch.jni.LibUtils              : No matching cuda flavor for win-x86_64 found: cu065.
2026-06-23T13:39:11.852-03:00  INFO 21724 --- [           main] ai.djl.pytorch.engine.PtEngine           : PyTorch graph executor optimizer is enabled, this may impact your inference latency and throughput. See: https://docs.djl.ai/docs/development/inference_performance_optimization.html#graph-executor-optimization
2026-06-23T13:39:11.855-03:00  INFO 21724 --- [           main] ai.djl.pytorch.engine.PtEngine           : Number of inter-op threads is 16
2026-06-23T13:39:11.855-03:00  INFO 21724 --- [           main] ai.djl.pytorch.engine.PtEngine           : Number of intra-op threads is 8
Default Engine: PyTorch:2.2.2, capabilities: [
	OPENMP,
	MKL,
	MKLDNN,
]
PyTorch Library: C:\Users\gbbts\.djl.ai\pytorch\2.2.2-cpu-win-x86_64
Default Device: cpu()
PyTorch: 2
2026-06-23T13:39:11.855-03:00  INFO 21724 --- [           main] c.b.f.service.FaceBiometricsService      : Quantidade de GPUs detectadas pela DJL: 0
2026-06-23T13:39:11.855-03:00  INFO 21724 --- [           main] c.b.f.service.FaceBiometricsService      : Dispositivo selecionado para inferência: cpu()
2026-06-23T13:39:12.639-03:00  INFO 21724 --- [           main] c.b.f.service.FaceBiometricsService      : Dispositivo do modelo de detecção facial: cpu()
2026-06-23T13:39:12.639-03:00  INFO 21724 --- [           main] c.b.f.service.FaceBiometricsService      : Dispositivo do modelo de reconhecimento facial: cpu()
2026-06-23T13:39:12.639-03:00  INFO 21724 --- [           main] c.b.f.service.FaceBiometricsService      : Motor biométrico com Modelos Reais DJL (RetinaFace e FaceNet/PyTorch) carregados com sucesso!
2026-06-23T13:39:12.641-03:00  INFO 21724 --- [           main] c.b.faceregistry.service.UserService     : Inicializando cache biométrico em memória...
Hibernate: 
    select
        u1_0.id,
        u1_0.cpf,
        u1_0.name,
        u1_0.embedding 
    from
        users u1_0
2026-06-23T13:39:12.739-03:00  INFO 21724 --- [           main] c.b.faceregistry.service.UserService     : Cache biométrico inicializado com 0 usuários.
2026-06-23T13:39:13.058-03:00  WARN 21724 --- [           main] JpaBaseConfiguration$JpaWebConfiguration : spring.jpa.open-in-view is enabled by default. Therefore, database queries may be performed during view rendering. Explicitly configure spring.jpa.open-in-view to disable this warning
2026-06-23T13:39:13.571-03:00  INFO 21724 --- [           main] o.s.b.a.h2.H2ConsoleAutoConfiguration    : H2 console available at '/h2-console'. Database available at 'jdbc:h2:mem:faceregistry'
2026-06-23T13:39:13.632-03:00  INFO 21724 --- [           main] c.b.f.BiometricsVerificationTest         : Started BiometricsVerificationTest in 6.696 seconds (process running for 7.571)
Hibernate: 
    select
        u1_0.id,
        u1_0.cpf,
        u1_0.created_at,
        u1_0.embedding,
        u1_0.name,
        u1_0.photo 
    from
        users u1_0
2026-06-23T13:39:14.070-03:00  INFO 21724 --- [           main] c.b.faceregistry.service.UserService     : Inicializando cache biométrico em memória...
Hibernate: 
    select
        u1_0.id,
        u1_0.cpf,
        u1_0.name,
        u1_0.embedding 
    from
        users u1_0
2026-06-23T13:39:14.071-03:00  INFO 21724 --- [           main] c.b.faceregistry.service.UserService     : Cache biométrico inicializado com 0 usuários.
Famous Person Match [Barack Obama]: similarity = 0.7166855862504217, expectedThreshold = 0.6, isMatch = true
Famous Person Match [Joe Biden]: similarity = 0.6534891168811794, expectedThreshold = 0.6, isMatch = true
Famous Person Match [Elon Musk]: similarity = 0.821458705527044, expectedThreshold = 0.6, isMatch = true
Famous Person Match [Lionel Messi]: similarity = 0.8296263709809301, expectedThreshold = 0.6, isMatch = true
Famous Person Match [Kana]: similarity = 0.5324270224214265, expectedThreshold = 0.5, isMatch = true
]]></system-out>
    <system-err><![CDATA[WARNING: A Java agent has been loaded dynamically (C:\Users\gbbts\.m2\repository\net\bytebuddy\byte-buddy-agent\1.14.12\byte-buddy-agent-1.14.12.jar)
WARNING: If a serviceability tool is in use, please run with -XX:+EnableDynamicAgentLoading to hide this warning
WARNING: If a serviceability tool is not in use, please run with -Djdk.instrument.traceUsage for more information
WARNING: Dynamic loading of agents will be disallowed by default in a future release
]]></system-err>
  </testcase>
  <testcase name="testBiometricsMatchAcrossCustomExamples" classname="com.batistell.faceregistry.BiometricsVerificationTest" time="9.867">
    <system-out><![CDATA[Hibernate: 
    select
        u1_0.id,
        u1_0.cpf,
        u1_0.created_at,
        u1_0.embedding,
        u1_0.name,
        u1_0.photo 
    from
        users u1_0
2026-06-23T13:39:55.445-03:00  INFO 21724 --- [           main] c.b.faceregistry.service.UserService     : Inicializando cache biométrico em memória...
Hibernate: 
    select
        u1_0.id,
        u1_0.cpf,
        u1_0.name,
        u1_0.embedding 
    from
        users u1_0
2026-06-23T13:39:55.446-03:00  INFO 21724 --- [           main] c.b.faceregistry.service.UserService     : Cache biométrico inicializado com 0 usuários.
Hibernate: 
    select
        u1_0.id 
    from
        users u1_0 
    where
        u1_0.cpf=? 
    fetch
        first ? rows only
Hibernate: 
    insert 
    into
        users
        (cpf, created_at, embedding, name, photo, id) 
    values
        (?, ?, ?, ?, ?, ?)
Hibernate: 
    select
        u1_0.id,
        u1_0.cpf,
        u1_0.created_at,
        u1_0.embedding,
        u1_0.name,
        u1_0.photo 
    from
        users u1_0 
    where
        u1_0.cpf=?
Comparing registered face with examples/kana_62079744844_verify1.jpeg: similarity = 0.8317948770388554, isMatch = true
Comparing registered face with examples/kana_62079744844_verify2.jpeg: similarity = 0.6894995104275183, isMatch = true
Comparing registered face with examples/kana_62079744844_verify3.jpeg: similarity = 0.7678229782504961, isMatch = true
Comparing registered face with examples/kana_62079744844_verify4.jpeg: similarity = 0.858860827947529, isMatch = true
]]></system-out>
  </testcase>
  <testcase name="testIdentifyFacePerformanceOneMillionUsers" classname="com.batistell.faceregistry.BiometricsVerificationTest" time="15.148">
    <system-out><![CDATA[Hibernate: 
    select
        u1_0.id,
        u1_0.cpf,
        u1_0.created_at,
        u1_0.embedding,
        u1_0.name,
        u1_0.photo 
    from
        users u1_0
Hibernate: 
    delete 
    from
        users 
    where
        id=?
2026-06-23T13:40:05.326-03:00  INFO 21724 --- [           main] c.b.faceregistry.service.UserService     : Inicializando cache biométrico em memória...
Hibernate: 
    select
        u1_0.id,
        u1_0.cpf,
        u1_0.name,
        u1_0.embedding 
    from
        users u1_0
2026-06-23T13:40:05.327-03:00  INFO 21724 --- [           main] c.b.faceregistry.service.UserService     : Cache biométrico inicializado com 0 usuários.
Gerando 1 milhão de usuários fictícios em memória para o benchmark...
Cache populado com 1000000 usuários.
Aquecendo a JVM (JIT compiler)...
Tempo de busca biométrica 1:1.000.000 (excluindo extração de IA): 105.3347 ms
Resultado da identificação: Não Identificado
]]></system-out>
  </testcase>
</testsuite>