<?xml version="1.0" encoding="UTF-8"?>
<testsuite xmlns:xsi="http://www.w3.org/2001/XMLSchema-instance" xsi:noNamespaceSchemaLocation="https://maven.apache.org/surefire/maven-surefire-plugin/xsd/surefire-test-report-3.0.xsd" version="3.0" name="com.batistell.faceregistry.UserConcurrencyTest" time="2.454" tests="2" errors="0" skipped="0" failures="0">
  <properties>
[...]
</properties>
  <testcase name="testConcurrentUpdatesOnSameUser" classname="com.batistell.faceregistry.UserConcurrencyTest" time="0.185">
    <system-out><![CDATA[2026-06-22T19:59:43.455Z  INFO 83 --- [           main] t.c.s.AnnotationConfigContextLoaderUtils : Could not detect default configuration classes for test class [com.batistell.faceregistry.UserConcurrencyTest]: UserConcurrencyTest does not declare any static, non-private, non-final, nested classes annotated with @Configuration.
2026-06-22T19:59:43.460Z  INFO 83 --- [           main] .b.t.c.SpringBootTestContextBootstrapper : Found @SpringBootConfiguration com.batistell.faceregistry.FaceRegistryApplication for test class com.batistell.faceregistry.UserConcurrencyTest

  .   ____          _            __ _ _
 /\\ / ___'_ __ _ _(_)_ __  __ _ \ \ \ \
( ( )\___ | '_ | '_| | '_ \/ _` | \ \ \ \
 \\/  ___)| |_)| | | | | || (_| |  ) ) ) )
  '  |____| .__|_| |_|_| |_\__, | / / / /
 =========|_|==============|___/=/_/_/_/
 :: Spring Boot ::                (v3.2.4)

2026-06-22T19:59:43.581Z  INFO 83 --- [           main] c.b.faceregistry.UserConcurrencyTest     : Starting UserConcurrencyTest using Java 21.0.3 with PID 83 (started by root in /app)
2026-06-22T19:59:43.581Z  INFO 83 --- [           main] c.b.faceregistry.UserConcurrencyTest     : The following 1 profile is active: "local"
2026-06-22T19:59:44.785Z  INFO 83 --- [           main] .s.d.r.c.RepositoryConfigurationDelegate : Bootstrapping Spring Data JPA repositories in DEFAULT mode.
2026-06-22T19:59:44.932Z  INFO 83 --- [           main] .s.d.r.c.RepositoryConfigurationDelegate : Finished Spring Data repository scanning in 146 ms. Found 1 JPA repository interface.
2026-06-22T19:59:45.105Z  INFO 83 --- [           main] o.hibernate.jpa.internal.util.LogHelper  : HHH000204: Processing PersistenceUnitInfo [name: default]
2026-06-22T19:59:45.147Z  INFO 83 --- [           main] o.h.c.internal.RegionFactoryInitiator    : HHH000026: Second-level cache disabled
2026-06-22T19:59:45.198Z  INFO 83 --- [           main] o.s.o.j.p.SpringPersistenceUnitInfo      : No LoadTimeWeaver setup: ignoring JPA class transformer
2026-06-22T19:59:45.206Z  INFO 83 --- [           main] com.zaxxer.hikari.HikariDataSource       : HikariPool-2 - Starting...
2026-06-22T19:59:45.207Z  INFO 83 --- [           main] com.zaxxer.hikari.pool.HikariPool        : HikariPool-2 - Added connection conn10: url=jdbc:h2:mem:faceregistry user=SA
2026-06-22T19:59:45.208Z  INFO 83 --- [           main] com.zaxxer.hikari.HikariDataSource       : HikariPool-2 - Start completed.
2026-06-22T19:59:45.208Z  WARN 83 --- [           main] org.hibernate.orm.deprecation            : HHH90000025: H2Dialect does not need to be specified explicitly using 'hibernate.dialect' (remove the property setting and it will be selected by default)
2026-06-22T19:59:45.348Z  INFO 83 --- [           main] o.h.e.t.j.p.i.JtaPlatformInitiator       : HHH000489: No JTA platform available (set 'hibernate.transaction.jta.platform' to enable JTA platform integration)
Hibernate: 
    alter table if exists users 
       drop constraint if exists idx_users_cpf
Hibernate: 
    alter table if exists users 
       add constraint idx_users_cpf unique (cpf)
2026-06-22T19:59:45.362Z  INFO 83 --- [           main] j.LocalContainerEntityManagerFactoryBean : Initialized JPA EntityManagerFactory for persistence unit 'default'
2026-06-22T19:59:45.396Z  INFO 83 --- [           main] c.b.f.service.FaceBiometricsService      : Motor biométrico inicializado no modo simulado (Mock Mode) via configuração.
2026-06-22T19:59:45.451Z  WARN 83 --- [           main] JpaBaseConfiguration$JpaWebConfiguration : spring.jpa.open-in-view is enabled by default. Therefore, database queries may be performed during view rendering. Explicitly configure spring.jpa.open-in-view to disable this warning
2026-06-22T19:59:45.646Z  INFO 83 --- [           main] o.s.b.a.h2.H2ConsoleAutoConfiguration    : H2 console available at '/h2-console'. Database available at 'jdbc:h2:mem:faceregistry'
2026-06-22T19:59:45.661Z  INFO 83 --- [           main] c.b.faceregistry.UserConcurrencyTest     : Started UserConcurrencyTest in 2.187 seconds (process running for 66.04)
Hibernate: 
    select
        u1_0.id,
        u1_0.cpf,
        u1_0.created_at,
        u1_0.embedding,
        u1_0.name,
        u1_0.photo 
    from
        users u1_0
Hibernate: 
    delete 
    from
        users 
    where
        id=?
Hibernate: 
    select
        u1_0.id 
    from
        users u1_0 
    where
        u1_0.cpf=? 
    fetch
        first ? rows only
Hibernate: 
    insert 
    into
        users
        (cpf, created_at, embedding, name, photo, id) 
    values
        (?, ?, ?, ?, ?, ?)
Hibernate: 
    select
        u1_0.id,
        u1_0.cpf,
        u1_0.created_at,
        u1_0.embedding,
        u1_0.name,
        u1_0.photo 
    from
        users u1_0 
    where
        u1_0.cpf=? for update
Hibernate: 
    select
        u1_0.id,
        u1_0.cpf,
        u1_0.created_at,
        u1_0.embedding,
        u1_0.name,
        u1_0.photo 
    from
        users u1_0 
    where
        u1_0.cpf=? for update
Hibernate: 
    select
        u1_0.id,
        u1_0.cpf,
        u1_0.created_at,
        u1_0.embedding,
        u1_0.name,
        u1_0.photo 
    from
        users u1_0 
    where
        u1_0.cpf=? for update
Hibernate: 
    select
        u1_0.id,
        u1_0.cpf,
        u1_0.created_at,
        u1_0.embedding,
        u1_0.name,
        u1_0.photo 
    from
        users u1_0 
    where
        u1_0.cpf=? for update
Hibernate: 
    select
        u1_0.id,
        u1_0.cpf,
        u1_0.created_at,
        u1_0.embedding,
        u1_0.name,
        u1_0.photo 
    from
        users u1_0 
    where
        u1_0.cpf=? for update
Hibernate: 
    select
        u1_0.id,
        u1_0.cpf,
        u1_0.created_at,
        u1_0.embedding,
        u1_0.name,
        u1_0.photo 
    from
        users u1_0 
    where
        u1_0.cpf=? for update
Hibernate: 
    select
        u1_0.id,
        u1_0.cpf,
        u1_0.created_at,
        u1_0.embedding,
        u1_0.name,
        u1_0.photo 
    from
        users u1_0 
    where
        u1_0.cpf=? for update
Hibernate: 
    select
        u1_0.id,
        u1_0.cpf,
        u1_0.created_at,
        u1_0.embedding,
        u1_0.name,
        u1_0.photo 
    from
        users u1_0 
    where
        u1_0.cpf=? for update
Hibernate: 
    select
        u1_0.id,
        u1_0.cpf,
        u1_0.created_at,
        u1_0.embedding,
        u1_0.name,
        u1_0.photo 
    from
        users u1_0 
    where
        u1_0.cpf=? for update
Hibernate: 
    select
        u1_0.id,
        u1_0.cpf,
        u1_0.created_at,
        u1_0.embedding,
        u1_0.name,
        u1_0.photo 
    from
        users u1_0 
    where
        u1_0.cpf=? for update
Hibernate: 
    update
        users 
    set
        cpf=?,
        created_at=?,
        embedding=?,
        name=?,
        photo=? 
    where
        id=?
Hibernate: 
    update
        users 
    set
        cpf=?,
        created_at=?,
        embedding=?,
        name=?,
        photo=? 
    where
        id=?
Hibernate: 
    update
        users 
    set
        cpf=?,
        created_at=?,
        embedding=?,
        name=?,
        photo=? 
    where
        id=?
Hibernate: 
    update
        users 
    set
        cpf=?,
        created_at=?,
        embedding=?,
        name=?,
        photo=? 
    where
        id=?
Hibernate: 
    update
        users 
    set
        cpf=?,
        created_at=?,
        embedding=?,
        name=?,
        photo=? 
    where
        id=?
Hibernate: 
    update
        users 
    set
        cpf=?,
        created_at=?,
        embedding=?,
        name=?,
        photo=? 
    where
        id=?
Hibernate: 
    update
        users 
    set
        cpf=?,
        created_at=?,
        embedding=?,
        name=?,
        photo=? 
    where
        id=?
Hibernate: 
    update
        users 
    set
        cpf=?,
        created_at=?,
        embedding=?,
        name=?,
        photo=? 
    where
        id=?
Hibernate: 
    update
        users 
    set
        cpf=?,
        created_at=?,
        embedding=?,
        name=?,
        photo=? 
    where
        id=?
Hibernate: 
    update
        users 
    set
        cpf=?,
        created_at=?,
        embedding=?,
        name=?,
        photo=? 
    where
        id=?
Hibernate: 
    select
        u1_0.id,
        u1_0.cpf,
        u1_0.created_at,
        u1_0.embedding,
        u1_0.name,
        u1_0.photo 
    from
        users u1_0 
    where
        u1_0.cpf=?
]]></system-out>
  </testcase>
  <testcase name="testConcurrentRegistrationDuplicateCpf" classname="com.batistell.faceregistry.UserConcurrencyTest" time="0.047">
    <system-out><![CDATA[Hibernate: 
    select
        u1_0.id,
        u1_0.cpf,
        u1_0.created_at,
        u1_0.embedding,
        u1_0.name,
        u1_0.photo 
    from
        users u1_0
Hibernate: 
    delete 
    from
        users 
    where
        id=?
Hibernate: 
    select
        u1_0.id 
    from
        users u1_0 
    where
        u1_0.cpf=? 
    fetch
        first ? rows only
Hibernate: 
    select
        u1_0.id 
    from
        users u1_0 
    where
        u1_0.cpf=? 
    fetch
        first ? rows only
Hibernate: 
    select
        u1_0.id 
    from
        users u1_0 
    where
        u1_0.cpf=? 
    fetch
        first ? rows only
Hibernate: 
    select
        u1_0.id 
    from
        users u1_0 
    where
        u1_0.cpf=? 
    fetch
        first ? rows only
Hibernate: 
    select
        u1_0.id 
    from
        users u1_0 
    where
        u1_0.cpf=? 
    fetch
        first ? rows only
Hibernate: 
    insert 
    into
        users
        (cpf, created_at, embedding, name, photo, id) 
    values
        (?, ?, ?, ?, ?, ?)
Hibernate: 
    insert 
    into
        users
        (cpf, created_at, embedding, name, photo, id) 
    values
        (?, ?, ?, ?, ?, ?)
Hibernate: 
    insert 
    into
        users
        (cpf, created_at, embedding, name, photo, id) 
    values
        (?, ?, ?, ?, ?, ?)
Hibernate: 
    insert 
    into
        users
        (cpf, created_at, embedding, name, photo, id) 
    values
        (?, ?, ?, ?, ?, ?)
Hibernate: 
    insert 
    into
        users
        (cpf, created_at, embedding, name, photo, id) 
    values
        (?, ?, ?, ?, ?, ?)
2026-06-22T19:59:45.866Z  WARN 83 --- [pool-4-thread-3] o.h.engine.jdbc.spi.SqlExceptionHelper   : SQL Error: 23505, SQLState: 23505
2026-06-22T19:59:45.866Z  WARN 83 --- [pool-4-thread-1] o.h.engine.jdbc.spi.SqlExceptionHelper   : SQL Error: 23505, SQLState: 23505
2026-06-22T19:59:45.866Z  WARN 83 --- [pool-4-thread-4] o.h.engine.jdbc.spi.SqlExceptionHelper   : SQL Error: 23505, SQLState: 23505
2026-06-22T19:59:45.867Z ERROR 83 --- [pool-4-thread-1] o.h.engine.jdbc.spi.SqlExceptionHelper   : Unique index or primary key violation: "PUBLIC.IDX_USERS_CPF_INDEX_4 ON PUBLIC.USERS(CPF NULLS FIRST) VALUES ( /* 3 */ '88888888888' )"; SQL statement:
insert into users (cpf,created_at,embedding,name,photo,id) values (?,?,?,?,?,?) [23505-224]
2026-06-22T19:59:45.866Z  WARN 83 --- [pool-4-thread-5] o.h.engine.jdbc.spi.SqlExceptionHelper   : SQL Error: 23505, SQLState: 23505
2026-06-22T19:59:45.867Z ERROR 83 --- [pool-4-thread-4] o.h.engine.jdbc.spi.SqlExceptionHelper   : Unique index or primary key violation: "PUBLIC.IDX_USERS_CPF_INDEX_4 ON PUBLIC.USERS(CPF NULLS FIRST) VALUES ( /* 3 */ '88888888888' )"; SQL statement:
insert into users (cpf,created_at,embedding,name,photo,id) values (?,?,?,?,?,?) [23505-224]
2026-06-22T19:59:45.867Z ERROR 83 --- [pool-4-thread-3] o.h.engine.jdbc.spi.SqlExceptionHelper   : Unique index or primary key violation: "PUBLIC.IDX_USERS_CPF_INDEX_4 ON PUBLIC.USERS(CPF NULLS FIRST) VALUES ( /* 3 */ '88888888888' )"; SQL statement:
insert into users (cpf,created_at,embedding,name,photo,id) values (?,?,?,?,?,?) [23505-224]
2026-06-22T19:59:45.867Z ERROR 83 --- [pool-4-thread-5] o.h.engine.jdbc.spi.SqlExceptionHelper   : Unique index or primary key violation: "PUBLIC.IDX_USERS_CPF_INDEX_4 ON PUBLIC.USERS(CPF NULLS FIRST) VALUES ( /* 3 */ '88888888888' )"; SQL statement:
insert into users (cpf,created_at,embedding,name,photo,id) values (?,?,?,?,?,?) [23505-224]
]]></system-out>
  </testcase>
</testsuite>